<?xml version="1.0" encoding="UTF-8"?>
<coverage generated="1781384649722" clover="3.2.0">
  <project timestamp="1781384649722" name="All files">
    <metrics statements="125" coveredstatements="122" conditionals="268" coveredconditionals="253" methods="23" coveredmethods="20" elements="416" coveredelements="395" complexity="0" loc="125" ncloc="125" packages="1" files="3" classes="3"/>
    <file name="apiService.js" path="C:\Users\phili\Documents\Facudade\Projeto-Integrador\src\services\apiService.js">
      <metrics statements="43" coveredstatements="43" conditionals="52" coveredconditionals="51" methods="5" coveredmethods="4"/>
      <line num="1" count="1" type="stmt"/>
      <line num="2" count="1" type="stmt"/>
      <line num="4" count="1" type="stmt"/>
      <line num="7" count="10" type="cond" truecount="1" falsecount="0"/>
      <line num="8" count="10" type="stmt"/>
      <line num="9" count="10" type="stmt"/>
      <line num="10" count="10" type="stmt"/>
      <line num="11" count="10" type="stmt"/>
      <line num="12" count="7" type="stmt"/>
      <line num="13" count="7" type="stmt"/>
      <line num="15" count="3" type="stmt"/>
      <line num="16" count="3" type="stmt"/>
      <line num="21" count="11" type="cond" truecount="2" falsecount="0"/>
      <line num="22" count="11" type="cond" truecount="2" falsecount="0"/>
      <line num="23" count="11" type="cond" truecount="2" falsecount="0"/>
      <line num="24" count="11" type="stmt"/>
      <line num="44" count="10" type="stmt"/>
      <line num="45" count="10" type="stmt"/>
      <line num="47" count="10" type="stmt"/>
      <line num="49" count="7" type="cond" truecount="2" falsecount="0"/>
      <line num="50" count="2" type="stmt"/>
      <line num="53" count="5" type="stmt"/>
      <line num="55" count="5" type="stmt"/>
      <line num="56" count="5" type="cond" truecount="2" falsecount="0"/>
      <line num="57" count="4" type="stmt"/>
      <line num="58" count="1" type="cond" truecount="1" falsecount="1"/>
      <line num="59" count="1" type="stmt"/>
      <line num="62" count="5" type="cond" truecount="2" falsecount="0"/>
      <line num="63" count="2" type="stmt"/>
      <line num="66" count="3" type="stmt"/>
      <line num="67" count="3" type="stmt"/>
      <line num="71" count="6" type="stmt"/>
      <line num="77" count="6" type="stmt"/>
      <line num="78" count="6" type="stmt"/>
      <line num="79" count="2" type="stmt"/>
      <line num="80" count="2" type="stmt"/>
      <line num="86" count="4" type="stmt"/>
      <line num="89" count="4" type="stmt"/>
      <line num="90" count="4" type="stmt"/>
      <line num="91" count="1" type="stmt"/>
      <line num="92" count="1" type="stmt"/>
      <line num="98" count="3" type="stmt"/>
      <line num="101" count="3" type="stmt"/>
    </file>
    <file name="appRenderService.js" path="C:\Users\phili\Documents\Facudade\Projeto-Integrador\src\services\appRenderService.js">
      <metrics statements="35" coveredstatements="33" conditionals="134" coveredconditionals="120" methods="7" coveredmethods="5"/>
      <line num="19" count="3" type="stmt"/>
      <line num="20" count="3" type="cond" truecount="2" falsecount="0"/>
      <line num="21" count="3" type="stmt"/>
      <line num="71" count="22" type="stmt"/>
      <line num="72" count="22" type="cond" truecount="3" falsecount="0"/>
      <line num="73" count="22" type="cond" truecount="2" falsecount="0"/>
      <line num="74" count="22" type="cond" truecount="2" falsecount="0"/>
      <line num="75" count="22" type="cond" truecount="2" falsecount="0"/>
      <line num="78" count="22" type="cond" truecount="2" falsecount="0"/>
      <line num="81" count="22" type="cond" truecount="4" falsecount="0"/>
      <line num="82" count="22" type="cond" truecount="3" falsecount="0"/>
      <line num="83" count="22" type="cond" truecount="2" falsecount="0"/>
      <line num="90" count="22" type="cond" truecount="4" falsecount="0"/>
      <line num="91" count="22" type="cond" truecount="2" falsecount="0"/>
      <line num="92" count="22" type="cond" truecount="2" falsecount="0"/>
      <line num="99" count="22" type="cond" truecount="5" falsecount="0"/>
      <line num="100" count="22" type="cond" truecount="6" falsecount="0"/>
      <line num="102" count="22" type="stmt"/>
      <line num="144" count="17" type="stmt"/>
      <line num="145" count="17" type="cond" truecount="4" falsecount="0"/>
      <line num="148" count="17" type="cond" truecount="4" falsecount="0"/>
      <line num="149" count="17" type="cond" truecount="2" falsecount="0"/>
      <line num="152" count="17" type="cond" truecount="2" falsecount="0"/>
      <line num="153" count="17" type="cond" truecount="2" falsecount="0"/>
      <line num="154" count="17" type="stmt"/>
      <line num="155" count="68" type="cond" truecount="2" falsecount="0"/>
      <line num="159" count="17" type="cond" truecount="2" falsecount="0"/>
      <line num="160" count="17" type="cond" truecount="2" falsecount="0"/>
      <line num="162" count="11" type="cond" truecount="5" falsecount="1"/>
      <line num="163" count="11" type="stmt"/>
      <line num="173" count="17" type="cond" truecount="2" falsecount="0"/>
      <line num="174" count="17" type="cond" truecount="2" falsecount="0"/>
      <line num="176" count="17" type="stmt"/>
      <line num="260" count="0" type="stmt"/>
      <line num="264" count="0" type="stmt"/>
    </file>
    <file name="cardHelpers.js" path="C:\Users\phili\Documents\Facudade\Projeto-Integrador\src\services\cardHelpers.js">
      <metrics statements="47" coveredstatements="46" conditionals="82" coveredconditionals="82" methods="11" coveredmethods="11"/>
      <line num="24" count="12" type="cond" truecount="5" falsecount="0"/>
      <line num="25" count="9" type="cond" truecount="2" falsecount="0"/>
      <line num="26" count="7" type="cond" truecount="2" falsecount="0"/>
      <line num="27" count="5" type="cond" truecount="2" falsecount="0"/>
      <line num="28" count="2" type="stmt"/>
      <line num="37" count="10" type="cond" truecount="5" falsecount="0"/>
      <line num="38" count="7" type="cond" truecount="2" falsecount="0"/>
      <line num="39" count="5" type="cond" truecount="2" falsecount="0"/>
      <line num="40" count="3" type="stmt"/>
      <line num="49" count="12" type="cond" truecount="5" falsecount="0"/>
      <line num="50" count="9" type="cond" truecount="2" falsecount="0"/>
      <line num="51" count="7" type="cond" truecount="2" falsecount="0"/>
      <line num="52" count="5" type="cond" truecount="2" falsecount="0"/>
      <line num="53" count="3" type="stmt"/>
      <line num="69" count="12" type="cond" truecount="5" falsecount="0"/>
      <line num="70" count="10" type="cond" truecount="2" falsecount="0"/>
      <line num="71" count="9" type="stmt"/>
      <line num="72" count="9" type="stmt"/>
      <line num="87" count="9" type="cond" truecount="4" falsecount="0"/>
      <line num="88" count="7" type="cond" truecount="4" falsecount="0"/>
      <line num="89" count="6" type="cond" truecount="4" falsecount="0"/>
      <line num="90" count="4" type="stmt"/>
      <line num="104" count="6" type="cond" truecount="4" falsecount="0"/>
      <line num="105" count="2" type="stmt"/>
      <line num="106" count="2" type="stmt"/>
      <line num="107" count="2" type="cond" truecount="2" falsecount="0"/>
      <line num="108" count="2" type="stmt"/>
      <line num="109" count="1" type="stmt"/>
      <line num="111" count="0" type="stmt"/>
      <line num="125" count="20" type="cond" truecount="4" falsecount="0"/>
      <line num="126" count="5" type="stmt"/>
      <line num="127" count="5" type="stmt"/>
      <line num="128" count="5" type="stmt"/>
      <line num="129" count="5" type="stmt"/>
      <line num="142" count="76" type="cond" truecount="5" falsecount="0"/>
      <line num="143" count="73" type="cond" truecount="2" falsecount="0"/>
      <line num="144" count="54" type="stmt"/>
      <line num="163" count="9" type="cond" truecount="4" falsecount="0"/>
      <line num="164" count="6" type="stmt"/>
      <line num="166" count="6" type="cond" truecount="2" falsecount="0"/>
      <line num="168" count="3" type="stmt"/>
      <line num="169" count="3" type="cond" truecount="2" falsecount="0"/>
      <line num="170" count="2" type="stmt"/>
      <line num="184" count="13" type="stmt"/>
      <line num="185" count="13" type="cond" truecount="2" falsecount="0"/>
      <line num="186" count="10" type="cond" truecount="2" falsecount="0"/>
      <line num="187" count="6" type="stmt"/>
    </file>
  </project>
</coverage>
