{"C:\\Users\\phili\\Documents\\Facudade\\Projeto-Integrador\\src\\services\\apiService.js": {"path":"C:\\Users\\phili\\Documents\\Facudade\\Projeto-Integrador\\src\\services\\apiService.js","statementMap":{"0":{"start":{"line":1,"column":20},"end":{"line":1,"column":89}},"1":{"start":{"line":2,"column":21},"end":{"line":2,"column":56}},"2":{"start":{"line":4,"column":33},"end":{"line":4,"column":38}},"3":{"start":{"line":7,"column":29},"end":{"line":7,"column":36}},"4":{"start":{"line":8,"column":21},"end":{"line":8,"column":42}},"5":{"start":{"line":9,"column":13},"end":{"line":9,"column":58}},"6":{"start":{"line":9,"column":30},"end":{"line":9,"column":48}},"7":{"start":{"line":10,"column":2},"end":{"line":17,"column":3}},"8":{"start":{"line":11,"column":21},"end":{"line":11,"column":85}},"9":{"start":{"line":12,"column":4},"end":{"line":12,"column":21}},"10":{"start":{"line":13,"column":4},"end":{"line":13,"column":20}},"11":{"start":{"line":15,"column":4},"end":{"line":15,"column":21}},"12":{"start":{"line":16,"column":4},"end":{"line":16,"column":14}},"13":{"start":{"line":21,"column":13},"end":{"line":21,"column":43}},"14":{"start":{"line":22,"column":13},"end":{"line":22,"column":36}},"15":{"start":{"line":23,"column":13},"end":{"line":23,"column":32}},"16":{"start":{"line":24,"column":2},"end":{"line":40,"column":4}},"17":{"start":{"line":44,"column":14},"end":{"line":44,"column":90}},"18":{"start":{"line":45,"column":2},"end":{"line":45,"column":56}},"19":{"start":{"line":47,"column":19},"end":{"line":47,"column":46}},"20":{"start":{"line":49,"column":2},"end":{"line":51,"column":3}},"21":{"start":{"line":50,"column":4},"end":{"line":50,"column":61}},"22":{"start":{"line":53,"column":16},"end":{"line":53,"column":37}},"23":{"start":{"line":55,"column":14},"end":{"line":55,"column":16}},"24":{"start":{"line":56,"column":2},"end":{"line":60,"column":3}},"25":{"start":{"line":57,"column":4},"end":{"line":57,"column":18}},"26":{"start":{"line":58,"column":9},"end":{"line":60,"column":3}},"27":{"start":{"line":59,"column":4},"end":{"line":59,"column":32}},"28":{"start":{"line":62,"column":2},"end":{"line":64,"column":3}},"29":{"start":{"line":63,"column":4},"end":{"line":63,"column":53}},"30":{"start":{"line":66,"column":2},"end":{"line":66,"column":69}},"31":{"start":{"line":67,"column":2},"end":{"line":67,"column":39}},"32":{"start":{"line":71,"column":24},"end":{"line":75,"column":3}},"33":{"start":{"line":77,"column":2},"end":{"line":87,"column":3}},"34":{"start":{"line":78,"column":22},"end":{"line":78,"column":63}},"35":{"start":{"line":79,"column":26},"end":{"line":79,"column":57}},"36":{"start":{"line":80,"column":4},"end":{"line":84,"column":6}},"37":{"start":{"line":86,"column":4},"end":{"line":86,"column":72}},"38":{"start":{"line":89,"column":2},"end":{"line":99,"column":3}},"39":{"start":{"line":90,"column":22},"end":{"line":90,"column":64}},"40":{"start":{"line":91,"column":26},"end":{"line":91,"column":57}},"41":{"start":{"line":92,"column":4},"end":{"line":96,"column":6}},"42":{"start":{"line":98,"column":4},"end":{"line":98,"column":85}},"43":{"start":{"line":101,"column":2},"end":{"line":101,"column":23}}},"fnMap":{"0":{"name":"fetchWithTimeout","decl":{"start":{"line":6,"column":15},"end":{"line":6,"column":31}},"loc":{"start":{"line":6,"column":56},"end":{"line":18,"column":1}},"line":6},"1":{"name":"(anonymous_1)","decl":{"start":{"line":9,"column":24},"end":{"line":9,"column":25}},"loc":{"start":{"line":9,"column":30},"end":{"line":9,"column":48}},"line":9},"2":{"name":"normalizarRegistro","decl":{"start":{"line":20,"column":16},"end":{"line":20,"column":34}},"loc":{"start":{"line":20,"column":40},"end":{"line":41,"column":1}},"line":20},"3":{"name":"obterHistoricoCompleto","decl":{"start":{"line":43,"column":15},"end":{"line":43,"column":37}},"loc":{"start":{"line":43,"column":47},"end":{"line":68,"column":1}},"line":43},"4":{"name":"buscarDadosDispositivo","decl":{"start":{"line":70,"column":22},"end":{"line":70,"column":44}},"loc":{"start":{"line":70,"column":47},"end":{"line":102,"column":1}},"line":70}},"branchMap":{"0":{"loc":{"start":{"line":6,"column":42},"end":{"line":6,"column":54}},"type":"default-arg","locations":[{"start":{"line":6,"column":52},"end":{"line":6,"column":54}}],"line":6},"1":{"loc":{"start":{"line":7,"column":10},"end":{"line":7,"column":24}},"type":"default-arg","locations":[{"start":{"line":7,"column":20},"end":{"line":7,"column":24}}],"line":7},"2":{"loc":{"start":{"line":21,"column":13},"end":{"line":21,"column":43}},"type":"binary-expr","locations":[{"start":{"line":21,"column":13},"end":{"line":21,"column":37}},{"start":{"line":21,"column":41},"end":{"line":21,"column":43}}],"line":21},"3":{"loc":{"start":{"line":22,"column":13},"end":{"line":22,"column":36}},"type":"binary-expr","locations":[{"start":{"line":22,"column":13},"end":{"line":22,"column":30}},{"start":{"line":22,"column":34},"end":{"line":22,"column":36}}],"line":22},"4":{"loc":{"start":{"line":23,"column":13},"end":{"line":23,"column":32}},"type":"binary-expr","locations":[{"start":{"line":23,"column":13},"end":{"line":23,"column":26}},{"start":{"line":23,"column":30},"end":{"line":23,"column":32}}],"line":23},"5":{"loc":{"start":{"line":27,"column":28},"end":{"line":27,"column":88}},"type":"binary-expr","locations":[{"start":{"line":27,"column":28},"end":{"line":27,"column":53}},{"start":{"line":27,"column":57},"end":{"line":27,"column":83}},{"start":{"line":27,"column":87},"end":{"line":27,"column":88}}],"line":27},"6":{"loc":{"start":{"line":28,"column":17},"end":{"line":28,"column":62}},"type":"binary-expr","locations":[{"start":{"line":28,"column":17},"end":{"line":28,"column":38}},{"start":{"line":28,"column":42},"end":{"line":28,"column":57}},{"start":{"line":28,"column":61},"end":{"line":28,"column":62}}],"line":28},"7":{"loc":{"start":{"line":29,"column":15},"end":{"line":29,"column":60}},"type":"binary-expr","locations":[{"start":{"line":29,"column":15},"end":{"line":29,"column":38}},{"start":{"line":29,"column":42},"end":{"line":29,"column":55}},{"start":{"line":29,"column":59},"end":{"line":29,"column":60}}],"line":29},"8":{"loc":{"start":{"line":30,"column":12},"end":{"line":30,"column":42}},"type":"binary-expr","locations":[{"start":{"line":30,"column":12},"end":{"line":30,"column":21}},{"start":{"line":30,"column":25},"end":{"line":30,"column":35}},{"start":{"line":30,"column":39},"end":{"line":30,"column":42}}],"line":30},"9":{"loc":{"start":{"line":31,"column":14},"end":{"line":31,"column":66}},"type":"binary-expr","locations":[{"start":{"line":31,"column":14},"end":{"line":31,"column":45}},{"start":{"line":31,"column":49},"end":{"line":31,"column":61}},{"start":{"line":31,"column":65},"end":{"line":31,"column":66}}],"line":31},"10":{"loc":{"start":{"line":32,"column":21},"end":{"line":34,"column":5}},"type":"binary-expr","locations":[{"start":{"line":32,"column":21},"end":{"line":32,"column":39}},{"start":{"line":33,"column":6},"end":{"line":33,"column":92}}],"line":32},"11":{"loc":{"start":{"line":33,"column":6},"end":{"line":33,"column":92}},"type":"cond-expr","locations":[{"start":{"line":33,"column":70},"end":{"line":33,"column":78}},{"start":{"line":33,"column":81},"end":{"line":33,"column":92}}],"line":33},"12":{"loc":{"start":{"line":33,"column":6},"end":{"line":33,"column":67}},"type":"binary-expr","locations":[{"start":{"line":33,"column":6},"end":{"line":33,"column":31}},{"start":{"line":33,"column":35},"end":{"line":33,"column":67}}],"line":33},"13":{"loc":{"start":{"line":35,"column":18},"end":{"line":35,"column":90}},"type":"binary-expr","locations":[{"start":{"line":35,"column":18},"end":{"line":35,"column":33}},{"start":{"line":35,"column":38},"end":{"line":35,"column":60}},{"start":{"line":35,"column":64},"end":{"line":35,"column":89}}],"line":35},"14":{"loc":{"start":{"line":36,"column":24},"end":{"line":36,"column":86}},"type":"binary-expr","locations":[{"start":{"line":36,"column":24},"end":{"line":36,"column":45}},{"start":{"line":36,"column":50},"end":{"line":36,"column":85}}],"line":36},"15":{"loc":{"start":{"line":36,"column":50},"end":{"line":36,"column":85}},"type":"cond-expr","locations":[{"start":{"line":36,"column":78},"end":{"line":36,"column":81}},{"start":{"line":36,"column":84},"end":{"line":36,"column":85}}],"line":36},"16":{"loc":{"start":{"line":37,"column":25},"end":{"line":37,"column":56}},"type":"binary-expr","locations":[{"start":{"line":37,"column":25},"end":{"line":37,"column":47}},{"start":{"line":37,"column":51},"end":{"line":37,"column":56}}],"line":37},"17":{"loc":{"start":{"line":38,"column":13},"end":{"line":38,"column":47}},"type":"binary-expr","locations":[{"start":{"line":38,"column":13},"end":{"line":38,"column":23}},{"start":{"line":38,"column":27},"end":{"line":38,"column":38}},{"start":{"line":38,"column":42},"end":{"line":38,"column":47}}],"line":38},"18":{"loc":{"start":{"line":39,"column":17},"end":{"line":39,"column":59}},"type":"binary-expr","locations":[{"start":{"line":39,"column":17},"end":{"line":39,"column":31}},{"start":{"line":39,"column":35},"end":{"line":39,"column":50}},{"start":{"line":39,"column":54},"end":{"line":39,"column":59}}],"line":39},"19":{"loc":{"start":{"line":49,"column":2},"end":{"line":51,"column":3}},"type":"if","locations":[{"start":{"line":49,"column":2},"end":{"line":51,"column":3}},{"start":{},"end":{}}],"line":49},"20":{"loc":{"start":{"line":56,"column":2},"end":{"line":60,"column":3}},"type":"if","locations":[{"start":{"line":56,"column":2},"end":{"line":60,"column":3}},{"start":{"line":58,"column":9},"end":{"line":60,"column":3}}],"line":56},"21":{"loc":{"start":{"line":58,"column":9},"end":{"line":60,"column":3}},"type":"if","locations":[{"start":{"line":58,"column":9},"end":{"line":60,"column":3}},{"start":{},"end":{}}],"line":58},"22":{"loc":{"start":{"line":62,"column":2},"end":{"line":64,"column":3}},"type":"if","locations":[{"start":{"line":62,"column":2},"end":{"line":64,"column":3}},{"start":{},"end":{}}],"line":62}},"s":{"0":1,"1":1,"2":1,"3":10,"4":10,"5":10,"6":0,"7":10,"8":10,"9":7,"10":7,"11":3,"12":3,"13":11,"14":11,"15":11,"16":11,"17":10,"18":10,"19":10,"20":7,"21":2,"22":5,"23":5,"24":5,"25":4,"26":1,"27":1,"28":5,"29":2,"30":3,"31":3,"32":6,"33":6,"34":6,"35":2,"36":2,"37":4,"38":4,"39":4,"40":1,"41":1,"42":3,"43":3},"f":{"0":10,"1":0,"2":11,"3":10,"4":6},"b":{"0":[10],"1":[10],"2":[11,9],"3":[11,10],"4":[11,10],"5":[11,10,6],"6":[11,9,5],"7":[11,10,6],"8":[11,10,6],"9":[11,10,6],"10":[11,10],"11":[2,8],"12":[10,9],"13":[11,10,9],"14":[11,10],"15":[1,9],"16":[11,10],"17":[11,10,6],"18":[11,10,6],"19":[2,5],"20":[4,1],"21":[1,0],"22":[2,3]},"_coverageSchema":"1a1c01bbd47fc00a2c39e90264f33305004495a9","hash":"a0b9f632736cce8255e5b9f22f13f9cc206e0a86"}
,"C:\\Users\\phili\\Documents\\Facudade\\Projeto-Integrador\\src\\services\\appRenderService.js": {"path":"C:\\Users\\phili\\Documents\\Facudade\\Projeto-Integrador\\src\\services\\appRenderService.js","statementMap":{"0":{"start":{"line":19,"column":20},"end":{"line":19,"column":46}},"1":{"start":{"line":20,"column":17},"end":{"line":20,"column":103}},"2":{"start":{"line":21,"column":2},"end":{"line":51,"column":4}},"3":{"start":{"line":71,"column":20},"end":{"line":71,"column":44}},"4":{"start":{"line":72,"column":18},"end":{"line":72,"column":85}},"5":{"start":{"line":73,"column":16},"end":{"line":73,"column":36}},"6":{"start":{"line":74,"column":19},"end":{"line":74,"column":70}},"7":{"start":{"line":75,"column":19},"end":{"line":75,"column":70}},"8":{"start":{"line":78,"column":20},"end":{"line":78,"column":44}},"9":{"start":{"line":81,"column":16},"end":{"line":81,"column":91}},"10":{"start":{"line":82,"column":23},"end":{"line":82,"column":63}},"11":{"start":{"line":83,"column":20},"end":{"line":87,"column":8}},"12":{"start":{"line":90,"column":26},"end":{"line":90,"column":101}},"13":{"start":{"line":91,"column":25},"end":{"line":91,"column":79}},"14":{"start":{"line":92,"column":26},"end":{"line":96,"column":8}},"15":{"start":{"line":99,"column":16},"end":{"line":99,"column":78}},"16":{"start":{"line":100,"column":22},"end":{"line":100,"column":99}},"17":{"start":{"line":102,"column":2},"end":{"line":127,"column":12}},"18":{"start":{"line":144,"column":20},"end":{"line":144,"column":46}},"19":{"start":{"line":145,"column":25},"end":{"line":145,"column":88}},"20":{"start":{"line":148,"column":22},"end":{"line":148,"column":89}},"21":{"start":{"line":149,"column":24},"end":{"line":149,"column":58}},"22":{"start":{"line":152,"column":23},"end":{"line":152,"column":57}},"23":{"start":{"line":153,"column":24},"end":{"line":153,"column":68}},"24":{"start":{"line":154,"column":21},"end":{"line":156,"column":12}},"25":{"start":{"line":155,"column":4},"end":{"line":155,"column":106}},"26":{"start":{"line":159,"column":19},"end":{"line":159,"column":76}},"27":{"start":{"line":160,"column":18},"end":{"line":170,"column":83}},"28":{"start":{"line":162,"column":20},"end":{"line":162,"column":172}},"29":{"start":{"line":163,"column":8},"end":{"line":163,"column":81}},"30":{"start":{"line":173,"column":30},"end":{"line":173,"column":72}},"31":{"start":{"line":174,"column":32},"end":{"line":174,"column":70}},"32":{"start":{"line":176,"column":2},"end":{"line":256,"column":4}},"33":{"start":{"line":260,"column":2},"end":{"line":269,"column":12}},"34":{"start":{"line":264,"column":60},"end":{"line":266,"column":9}}},"fnMap":{"0":{"name":"renderNavbar","decl":{"start":{"line":18,"column":16},"end":{"line":18,"column":28}},"loc":{"start":{"line":18,"column":43},"end":{"line":52,"column":1}},"line":18},"1":{"name":"renderCardSensor","decl":{"start":{"line":70,"column":16},"end":{"line":70,"column":32}},"loc":{"start":{"line":70,"column":112},"end":{"line":128,"column":1}},"line":70},"2":{"name":"renderSidePanels","decl":{"start":{"line":143,"column":16},"end":{"line":143,"column":32}},"loc":{"start":{"line":143,"column":87},"end":{"line":257,"column":1}},"line":143},"3":{"name":"(anonymous_3)","decl":{"start":{"line":154,"column":39},"end":{"line":154,"column":40}},"loc":{"start":{"line":155,"column":4},"end":{"line":155,"column":106}},"line":155},"4":{"name":"(anonymous_4)","decl":{"start":{"line":161,"column":31},"end":{"line":161,"column":32}},"loc":{"start":{"line":161,"column":36},"end":{"line":164,"column":7}},"line":161},"5":{"name":"renderControlesTeste","decl":{"start":{"line":259,"column":16},"end":{"line":259,"column":36}},"loc":{"start":{"line":259,"column":71},"end":{"line":270,"column":1}},"line":259},"6":{"name":"(anonymous_6)","decl":{"start":{"line":264,"column":55},"end":{"line":264,"column":56}},"loc":{"start":{"line":264,"column":60},"end":{"line":266,"column":9}},"line":264}},"branchMap":{"0":{"loc":{"start":{"line":20,"column":17},"end":{"line":20,"column":103}},"type":"binary-expr","locations":[{"start":{"line":20,"column":17},"end":{"line":20,"column":48}},{"start":{"line":20,"column":52},"end":{"line":20,"column":103}}],"line":20},"1":{"loc":{"start":{"line":40,"column":12},"end":{"line":40,"column":32}},"type":"cond-expr","locations":[{"start":{"line":40,"column":21},"end":{"line":40,"column":25}},{"start":{"line":40,"column":28},"end":{"line":40,"column":32}}],"line":40},"2":{"loc":{"start":{"line":44,"column":46},"end":{"line":44,"column":117}},"type":"cond-expr","locations":[{"start":{"line":44,"column":58},"end":{"line":44,"column":84}},{"start":{"line":44,"column":87},"end":{"line":44,"column":117}}],"line":44},"3":{"loc":{"start":{"line":45,"column":73},"end":{"line":45,"column":120}},"type":"cond-expr","locations":[{"start":{"line":45,"column":85},"end":{"line":45,"column":99}},{"start":{"line":45,"column":102},"end":{"line":45,"column":120}}],"line":45},"4":{"loc":{"start":{"line":46,"column":16},"end":{"line":46,"column":48}},"type":"cond-expr","locations":[{"start":{"line":46,"column":28},"end":{"line":46,"column":37}},{"start":{"line":46,"column":40},"end":{"line":46,"column":48}}],"line":46},"5":{"loc":{"start":{"line":70,"column":86},"end":{"line":70,"column":97}},"type":"default-arg","locations":[{"start":{"line":70,"column":95},"end":{"line":70,"column":97}}],"line":70},"6":{"loc":{"start":{"line":70,"column":99},"end":{"line":70,"column":110}},"type":"default-arg","locations":[{"start":{"line":70,"column":108},"end":{"line":70,"column":110}}],"line":70},"7":{"loc":{"start":{"line":72,"column":18},"end":{"line":72,"column":85}},"type":"binary-expr","locations":[{"start":{"line":72,"column":18},"end":{"line":72,"column":42}},{"start":{"line":72,"column":47},"end":{"line":72,"column":61}},{"start":{"line":72,"column":65},"end":{"line":72,"column":84}}],"line":72},"8":{"loc":{"start":{"line":73,"column":16},"end":{"line":73,"column":36}},"type":"binary-expr","locations":[{"start":{"line":73,"column":16},"end":{"line":73,"column":28}},{"start":{"line":73,"column":32},"end":{"line":73,"column":36}}],"line":73},"9":{"loc":{"start":{"line":74,"column":19},"end":{"line":74,"column":70}},"type":"binary-expr","locations":[{"start":{"line":74,"column":19},"end":{"line":74,"column":34}},{"start":{"line":74,"column":38},"end":{"line":74,"column":70}}],"line":74},"10":{"loc":{"start":{"line":75,"column":19},"end":{"line":75,"column":70}},"type":"binary-expr","locations":[{"start":{"line":75,"column":19},"end":{"line":75,"column":34}},{"start":{"line":75,"column":38},"end":{"line":75,"column":70}}],"line":75},"11":{"loc":{"start":{"line":78,"column":20},"end":{"line":78,"column":44}},"type":"binary-expr","locations":[{"start":{"line":78,"column":20},"end":{"line":78,"column":36}},{"start":{"line":78,"column":40},"end":{"line":78,"column":44}}],"line":78},"12":{"loc":{"start":{"line":81,"column":16},"end":{"line":81,"column":91}},"type":"cond-expr","locations":[{"start":{"line":81,"column":72},"end":{"line":81,"column":84}},{"start":{"line":81,"column":87},"end":{"line":81,"column":91}}],"line":81},"13":{"loc":{"start":{"line":81,"column":17},"end":{"line":81,"column":68}},"type":"binary-expr","locations":[{"start":{"line":81,"column":17},"end":{"line":81,"column":38}},{"start":{"line":81,"column":42},"end":{"line":81,"column":68}}],"line":81},"14":{"loc":{"start":{"line":82,"column":23},"end":{"line":82,"column":63}},"type":"binary-expr","locations":[{"start":{"line":82,"column":23},"end":{"line":82,"column":37}},{"start":{"line":82,"column":41},"end":{"line":82,"column":51}},{"start":{"line":82,"column":55},"end":{"line":82,"column":63}}],"line":82},"15":{"loc":{"start":{"line":83,"column":20},"end":{"line":87,"column":8}},"type":"cond-expr","locations":[{"start":{"line":84,"column":6},"end":{"line":86,"column":15}},{"start":{"line":87,"column":6},"end":{"line":87,"column":8}}],"line":83},"16":{"loc":{"start":{"line":84,"column":43},"end":{"line":84,"column":91}},"type":"cond-expr","locations":[{"start":{"line":84,"column":56},"end":{"line":84,"column":74}},{"start":{"line":84,"column":77},"end":{"line":84,"column":91}}],"line":84},"17":{"loc":{"start":{"line":85,"column":11},"end":{"line":85,"column":33}},"type":"cond-expr","locations":[{"start":{"line":85,"column":24},"end":{"line":85,"column":27}},{"start":{"line":85,"column":30},"end":{"line":85,"column":33}}],"line":85},"18":{"loc":{"start":{"line":90,"column":26},"end":{"line":90,"column":101}},"type":"binary-expr","locations":[{"start":{"line":90,"column":26},"end":{"line":90,"column":57}},{"start":{"line":90,"column":61},"end":{"line":90,"column":71}},{"start":{"line":90,"column":75},"end":{"line":90,"column":83}},{"start":{"line":90,"column":87},"end":{"line":90,"column":101}}],"line":90},"19":{"loc":{"start":{"line":91,"column":51},"end":{"line":91,"column":77}},"type":"binary-expr","locations":[{"start":{"line":91,"column":51},"end":{"line":91,"column":72}},{"start":{"line":91,"column":76},"end":{"line":91,"column":77}}],"line":91},"20":{"loc":{"start":{"line":92,"column":26},"end":{"line":96,"column":8}},"type":"cond-expr","locations":[{"start":{"line":93,"column":6},"end":{"line":95,"column":14}},{"start":{"line":96,"column":6},"end":{"line":96,"column":8}}],"line":92},"21":{"loc":{"start":{"line":99,"column":16},"end":{"line":99,"column":78}},"type":"cond-expr","locations":[{"start":{"line":99,"column":59},"end":{"line":99,"column":71}},{"start":{"line":99,"column":74},"end":{"line":99,"column":78}}],"line":99},"22":{"loc":{"start":{"line":99,"column":17},"end":{"line":99,"column":55}},"type":"binary-expr","locations":[{"start":{"line":99,"column":17},"end":{"line":99,"column":27}},{"start":{"line":99,"column":31},"end":{"line":99,"column":39}},{"start":{"line":99,"column":43},"end":{"line":99,"column":55}}],"line":99},"23":{"loc":{"start":{"line":100,"column":22},"end":{"line":100,"column":99}},"type":"cond-expr","locations":[{"start":{"line":100,"column":34},"end":{"line":100,"column":47}},{"start":{"line":100,"column":50},"end":{"line":100,"column":99}}],"line":100},"24":{"loc":{"start":{"line":100,"column":50},"end":{"line":100,"column":99}},"type":"cond-expr","locations":[{"start":{"line":100,"column":60},"end":{"line":100,"column":70}},{"start":{"line":100,"column":74},"end":{"line":100,"column":98}}],"line":100},"25":{"loc":{"start":{"line":100,"column":74},"end":{"line":100,"column":98}},"type":"binary-expr","locations":[{"start":{"line":100,"column":74},"end":{"line":100,"column":79}},{"start":{"line":100,"column":83},"end":{"line":100,"column":98}}],"line":100},"26":{"loc":{"start":{"line":114,"column":12},"end":{"line":118,"column":184}},"type":"cond-expr","locations":[{"start":{"line":115,"column":14},"end":{"line":115,"column":80}},{"start":{"line":116,"column":14},"end":{"line":118,"column":184}}],"line":114},"27":{"loc":{"start":{"line":116,"column":14},"end":{"line":118,"column":184}},"type":"cond-expr","locations":[{"start":{"line":117,"column":16},"end":{"line":117,"column":81}},{"start":{"line":118,"column":16},"end":{"line":118,"column":184}}],"line":116},"28":{"loc":{"start":{"line":124,"column":12},"end":{"line":124,"column":109}},"type":"cond-expr","locations":[{"start":{"line":124,"column":24},"end":{"line":124,"column":104}},{"start":{"line":124,"column":107},"end":{"line":124,"column":109}}],"line":124},"29":{"loc":{"start":{"line":143,"column":72},"end":{"line":143,"column":85}},"type":"default-arg","locations":[{"start":{"line":143,"column":83},"end":{"line":143,"column":85}}],"line":143},"30":{"loc":{"start":{"line":145,"column":25},"end":{"line":145,"column":88}},"type":"cond-expr","locations":[{"start":{"line":145,"column":37},"end":{"line":145,"column":42}},{"start":{"line":145,"column":46},"end":{"line":145,"column":87}}],"line":145},"31":{"loc":{"start":{"line":145,"column":46},"end":{"line":145,"column":87}},"type":"binary-expr","locations":[{"start":{"line":145,"column":46},"end":{"line":145,"column":67}},{"start":{"line":145,"column":71},"end":{"line":145,"column":87}}],"line":145},"32":{"loc":{"start":{"line":148,"column":22},"end":{"line":148,"column":89}},"type":"cond-expr","locations":[{"start":{"line":148,"column":34},"end":{"line":148,"column":41}},{"start":{"line":148,"column":44},"end":{"line":148,"column":89}}],"line":148},"33":{"loc":{"start":{"line":148,"column":59},"end":{"line":148,"column":88}},"type":"binary-expr","locations":[{"start":{"line":148,"column":59},"end":{"line":148,"column":83}},{"start":{"line":148,"column":87},"end":{"line":148,"column":88}}],"line":148},"34":{"loc":{"start":{"line":149,"column":24},"end":{"line":149,"column":58}},"type":"binary-expr","locations":[{"start":{"line":149,"column":24},"end":{"line":149,"column":46}},{"start":{"line":149,"column":50},"end":{"line":149,"column":58}}],"line":149},"35":{"loc":{"start":{"line":152,"column":23},"end":{"line":152,"column":57}},"type":"binary-expr","locations":[{"start":{"line":152,"column":23},"end":{"line":152,"column":51}},{"start":{"line":152,"column":55},"end":{"line":152,"column":57}}],"line":152},"36":{"loc":{"start":{"line":153,"column":24},"end":{"line":153,"column":68}},"type":"binary-expr","locations":[{"start":{"line":153,"column":24},"end":{"line":153,"column":46}},{"start":{"line":153,"column":50},"end":{"line":153,"column":68}}],"line":153},"37":{"loc":{"start":{"line":155,"column":28},"end":{"line":155,"column":64}},"type":"cond-expr","locations":[{"start":{"line":155,"column":49},"end":{"line":155,"column":59}},{"start":{"line":155,"column":62},"end":{"line":155,"column":64}}],"line":155},"38":{"loc":{"start":{"line":159,"column":19},"end":{"line":159,"column":76}},"type":"cond-expr","locations":[{"start":{"line":159,"column":54},"end":{"line":159,"column":71}},{"start":{"line":159,"column":74},"end":{"line":159,"column":76}}],"line":159},"39":{"loc":{"start":{"line":160,"column":18},"end":{"line":170,"column":83}},"type":"cond-expr","locations":[{"start":{"line":161,"column":6},"end":{"line":164,"column":17}},{"start":{"line":165,"column":6},"end":{"line":170,"column":83}}],"line":160},"40":{"loc":{"start":{"line":162,"column":20},"end":{"line":162,"column":172}},"type":"cond-expr","locations":[{"start":{"line":162,"column":40},"end":{"line":162,"column":54}},{"start":{"line":162,"column":57},"end":{"line":162,"column":172}}],"line":162},"41":{"loc":{"start":{"line":162,"column":57},"end":{"line":162,"column":172}},"type":"cond-expr","locations":[{"start":{"line":162,"column":78},"end":{"line":162,"column":95}},{"start":{"line":162,"column":98},"end":{"line":162,"column":172}}],"line":162},"42":{"loc":{"start":{"line":162,"column":98},"end":{"line":162,"column":172}},"type":"cond-expr","locations":[{"start":{"line":162,"column":118},"end":{"line":162,"column":133}},{"start":{"line":162,"column":136},"end":{"line":162,"column":172}}],"line":162},"43":{"loc":{"start":{"line":165,"column":6},"end":{"line":170,"column":83}},"type":"cond-expr","locations":[{"start":{"line":166,"column":8},"end":{"line":166,"column":68}},{"start":{"line":167,"column":8},"end":{"line":170,"column":83}}],"line":165},"44":{"loc":{"start":{"line":167,"column":8},"end":{"line":170,"column":83}},"type":"cond-expr","locations":[{"start":{"line":168,"column":10},"end":{"line":168,"column":71}},{"start":{"line":169,"column":10},"end":{"line":170,"column":83}}],"line":167},"45":{"loc":{"start":{"line":173,"column":30},"end":{"line":173,"column":72}},"type":"binary-expr","locations":[{"start":{"line":173,"column":30},"end":{"line":173,"column":40}},{"start":{"line":173,"column":44},"end":{"line":173,"column":72}}],"line":173},"46":{"loc":{"start":{"line":174,"column":32},"end":{"line":174,"column":70}},"type":"binary-expr","locations":[{"start":{"line":174,"column":32},"end":{"line":174,"column":42}},{"start":{"line":174,"column":46},"end":{"line":174,"column":70}}],"line":174},"47":{"loc":{"start":{"line":182,"column":46},"end":{"line":182,"column":118}},"type":"cond-expr","locations":[{"start":{"line":182,"column":68},"end":{"line":182,"column":83}},{"start":{"line":182,"column":86},"end":{"line":182,"column":118}}],"line":182},"48":{"loc":{"start":{"line":183,"column":25},"end":{"line":183,"column":122}},"type":"cond-expr","locations":[{"start":{"line":183,"column":47},"end":{"line":183,"column":83}},{"start":{"line":183,"column":86},"end":{"line":183,"column":122}}],"line":183},"49":{"loc":{"start":{"line":186,"column":46},"end":{"line":186,"column":117}},"type":"cond-expr","locations":[{"start":{"line":186,"column":70},"end":{"line":186,"column":82}},{"start":{"line":186,"column":85},"end":{"line":186,"column":117}}],"line":186},"50":{"loc":{"start":{"line":187,"column":25},"end":{"line":187,"column":130}},"type":"cond-expr","locations":[{"start":{"line":187,"column":49},"end":{"line":187,"column":91}},{"start":{"line":187,"column":94},"end":{"line":187,"column":130}}],"line":187},"51":{"loc":{"start":{"line":189,"column":139},"end":{"line":189,"column":240}},"type":"cond-expr","locations":[{"start":{"line":189,"column":151},"end":{"line":189,"column":187}},{"start":{"line":189,"column":190},"end":{"line":189,"column":240}}],"line":189},"52":{"loc":{"start":{"line":190,"column":46},"end":{"line":190,"column":109}},"type":"cond-expr","locations":[{"start":{"line":190,"column":58},"end":{"line":190,"column":90}},{"start":{"line":190,"column":93},"end":{"line":190,"column":109}}],"line":190},"53":{"loc":{"start":{"line":210,"column":65},"end":{"line":210,"column":126}},"type":"cond-expr","locations":[{"start":{"line":210,"column":77},"end":{"line":210,"column":86}},{"start":{"line":210,"column":89},"end":{"line":210,"column":126}}],"line":210},"54":{"loc":{"start":{"line":210,"column":89},"end":{"line":210,"column":126}},"type":"cond-expr","locations":[{"start":{"line":210,"column":106},"end":{"line":210,"column":117}},{"start":{"line":210,"column":120},"end":{"line":210,"column":126}}],"line":210},"55":{"loc":{"start":{"line":214,"column":59},"end":{"line":214,"column":91}},"type":"cond-expr","locations":[{"start":{"line":214,"column":71},"end":{"line":214,"column":80}},{"start":{"line":214,"column":83},"end":{"line":214,"column":91}}],"line":214},"56":{"loc":{"start":{"line":218,"column":59},"end":{"line":218,"column":99}},"type":"cond-expr","locations":[{"start":{"line":218,"column":71},"end":{"line":218,"column":85}},{"start":{"line":218,"column":88},"end":{"line":218,"column":99}}],"line":218},"57":{"loc":{"start":{"line":236,"column":50},"end":{"line":236,"column":77}},"type":"cond-expr","locations":[{"start":{"line":236,"column":62},"end":{"line":236,"column":72}},{"start":{"line":236,"column":75},"end":{"line":236,"column":77}}],"line":236},"58":{"loc":{"start":{"line":242,"column":38},"end":{"line":242,"column":65}},"type":"cond-expr","locations":[{"start":{"line":242,"column":50},"end":{"line":242,"column":60}},{"start":{"line":242,"column":63},"end":{"line":242,"column":65}}],"line":242},"59":{"loc":{"start":{"line":243,"column":8},"end":{"line":245,"column":184}},"type":"cond-expr","locations":[{"start":{"line":244,"column":12},"end":{"line":244,"column":105}},{"start":{"line":245,"column":12},"end":{"line":245,"column":184}}],"line":243},"60":{"loc":{"start":{"line":247,"column":12},"end":{"line":247,"column":52}},"type":"cond-expr","locations":[{"start":{"line":247,"column":29},"end":{"line":247,"column":38}},{"start":{"line":247,"column":41},"end":{"line":247,"column":52}}],"line":247},"61":{"loc":{"start":{"line":251,"column":58},"end":{"line":251,"column":134}},"type":"cond-expr","locations":[{"start":{"line":251,"column":75},"end":{"line":251,"column":115}},{"start":{"line":251,"column":118},"end":{"line":251,"column":134}}],"line":251},"62":{"loc":{"start":{"line":252,"column":12},"end":{"line":252,"column":61}},"type":"cond-expr","locations":[{"start":{"line":252,"column":29},"end":{"line":252,"column":43}},{"start":{"line":252,"column":46},"end":{"line":252,"column":61}}],"line":252},"63":{"loc":{"start":{"line":265,"column":108},"end":{"line":265,"column":263}},"type":"cond-expr","locations":[{"start":{"line":265,"column":152},"end":{"line":265,"column":195}},{"start":{"line":265,"column":198},"end":{"line":265,"column":263}}],"line":265},"64":{"loc":{"start":{"line":265,"column":108},"end":{"line":265,"column":149}},"type":"binary-expr","locations":[{"start":{"line":265,"column":108},"end":{"line":265,"column":126}},{"start":{"line":265,"column":130},"end":{"line":265,"column":149}}],"line":265},"65":{"loc":{"start":{"line":267,"column":96},"end":{"line":267,"column":228}},"type":"cond-expr","locations":[{"start":{"line":267,"column":117},"end":{"line":267,"column":157}},{"start":{"line":267,"column":160},"end":{"line":267,"column":228}}],"line":267}},"s":{"0":3,"1":3,"2":3,"3":22,"4":22,"5":22,"6":22,"7":22,"8":22,"9":22,"10":22,"11":22,"12":22,"13":22,"14":22,"15":22,"16":22,"17":22,"18":17,"19":17,"20":17,"21":17,"22":17,"23":17,"24":17,"25":68,"26":17,"27":17,"28":11,"29":11,"30":17,"31":17,"32":17,"33":0,"34":0},"f":{"0":3,"1":22,"2":17,"3":68,"4":11,"5":0,"6":0},"b":{"0":[3,3],"1":[0,3],"2":[1,2],"3":[1,2],"4":[1,2],"5":[7],"6":[10],"7":[22,3,1],"8":[22,19],"9":[22,19],"10":[22,19],"11":[22,21],"12":[3,19],"13":[22,21],"14":[22,3,2],"15":[2,20],"16":[1,1],"17":[1,1],"18":[22,3,2,2],"19":[22,19],"20":[2,20],"21":[2,20],"22":[22,17,15],"23":[5,17],"24":[2,15],"25":[15,13],"26":[5,17],"27":[2,15],"28":[1,21],"29":[5],"30":[3,14],"31":[14,14],"32":[3,14],"33":[14,12],"34":[17,16],"35":[17,14],"36":[17,15],"37":[17,51],"38":[5,12],"39":[3,14],"40":[1,10],"41":[0,10],"42":[1,9],"43":[3,11],"44":[0,11],"45":[17,14],"46":[17,14],"47":[1,16],"48":[1,16],"49":[1,16],"50":[1,16],"51":[3,14],"52":[3,14],"53":[3,14],"54":[0,14],"55":[3,14],"56":[3,14],"57":[3,14],"58":[3,14],"59":[0,17],"60":[0,17],"61":[0,17],"62":[0,17],"63":[0,0],"64":[0,0],"65":[0,0]},"_coverageSchema":"1a1c01bbd47fc00a2c39e90264f33305004495a9","hash":"d6dcdb1780c322e2d2b3f901803034b4b9499c85"}
,"C:\\Users\\phili\\Documents\\Facudade\\Projeto-Integrador\\src\\services\\cardHelpers.js": {"path":"C:\\Users\\phili\\Documents\\Facudade\\Projeto-Integrador\\src\\services\\cardHelpers.js","statementMap":{"0":{"start":{"line":24,"column":2},"end":{"line":24,"column":87}},"1":{"start":{"line":24,"column":74},"end":{"line":24,"column":87}},"2":{"start":{"line":25,"column":2},"end":{"line":25,"column":44}},"3":{"start":{"line":25,"column":19},"end":{"line":25,"column":44}},"4":{"start":{"line":26,"column":2},"end":{"line":26,"column":38}},"5":{"start":{"line":26,"column":19},"end":{"line":26,"column":38}},"6":{"start":{"line":27,"column":2},"end":{"line":27,"column":34}},"7":{"start":{"line":27,"column":19},"end":{"line":27,"column":34}},"8":{"start":{"line":28,"column":2},"end":{"line":28,"column":20}},"9":{"start":{"line":37,"column":2},"end":{"line":37,"column":87}},"10":{"start":{"line":37,"column":74},"end":{"line":37,"column":87}},"11":{"start":{"line":38,"column":2},"end":{"line":38,"column":35}},"12":{"start":{"line":38,"column":18},"end":{"line":38,"column":35}},"13":{"start":{"line":39,"column":2},"end":{"line":39,"column":39}},"14":{"start":{"line":39,"column":18},"end":{"line":39,"column":39}},"15":{"start":{"line":40,"column":2},"end":{"line":40,"column":21}},"16":{"start":{"line":49,"column":2},"end":{"line":49,"column":87}},"17":{"start":{"line":49,"column":74},"end":{"line":49,"column":87}},"18":{"start":{"line":50,"column":2},"end":{"line":50,"column":32}},"19":{"start":{"line":50,"column":18},"end":{"line":50,"column":32}},"20":{"start":{"line":51,"column":2},"end":{"line":51,"column":35}},"21":{"start":{"line":51,"column":18},"end":{"line":51,"column":35}},"22":{"start":{"line":52,"column":2},"end":{"line":52,"column":34}},"23":{"start":{"line":52,"column":18},"end":{"line":52,"column":34}},"24":{"start":{"line":53,"column":2},"end":{"line":53,"column":19}},"25":{"start":{"line":69,"column":2},"end":{"line":69,"column":83}},"26":{"start":{"line":69,"column":74},"end":{"line":69,"column":83}},"27":{"start":{"line":70,"column":2},"end":{"line":70,"column":27}},"28":{"start":{"line":70,"column":18},"end":{"line":70,"column":27}},"29":{"start":{"line":71,"column":14},"end":{"line":71,"column":49}},"30":{"start":{"line":72,"column":2},"end":{"line":72,"column":64}},"31":{"start":{"line":87,"column":2},"end":{"line":87,"column":63}},"32":{"start":{"line":87,"column":51},"end":{"line":87,"column":63}},"33":{"start":{"line":88,"column":2},"end":{"line":88,"column":57}},"34":{"start":{"line":88,"column":45},"end":{"line":88,"column":57}},"35":{"start":{"line":89,"column":2},"end":{"line":89,"column":77}},"36":{"start":{"line":89,"column":65},"end":{"line":89,"column":77}},"37":{"start":{"line":90,"column":2},"end":{"line":90,"column":51}},"38":{"start":{"line":104,"column":2},"end":{"line":104,"column":64}},"39":{"start":{"line":104,"column":49},"end":{"line":104,"column":64}},"40":{"start":{"line":105,"column":2},"end":{"line":112,"column":3}},"41":{"start":{"line":106,"column":14},"end":{"line":106,"column":32}},"42":{"start":{"line":107,"column":4},"end":{"line":107,"column":43}},"43":{"start":{"line":107,"column":28},"end":{"line":107,"column":43}},"44":{"start":{"line":108,"column":16},"end":{"line":108,"column":47}},"45":{"start":{"line":108,"column":21},"end":{"line":108,"column":47}},"46":{"start":{"line":109,"column":4},"end":{"line":109,"column":57}},"47":{"start":{"line":111,"column":4},"end":{"line":111,"column":19}},"48":{"start":{"line":125,"column":2},"end":{"line":125,"column":64}},"49":{"start":{"line":125,"column":49},"end":{"line":125,"column":64}},"50":{"start":{"line":126,"column":15},"end":{"line":126,"column":49}},"51":{"start":{"line":127,"column":15},"end":{"line":127,"column":55}},"52":{"start":{"line":128,"column":16},"end":{"line":128,"column":77}},"53":{"start":{"line":129,"column":2},"end":{"line":129,"column":30}},"54":{"start":{"line":142,"column":2},"end":{"line":142,"column":78}},"55":{"start":{"line":142,"column":66},"end":{"line":142,"column":78}},"56":{"start":{"line":143,"column":2},"end":{"line":143,"column":43}},"57":{"start":{"line":143,"column":21},"end":{"line":143,"column":43}},"58":{"start":{"line":144,"column":2},"end":{"line":144,"column":41}},"59":{"start":{"line":163,"column":2},"end":{"line":163,"column":53}},"60":{"start":{"line":163,"column":43},"end":{"line":163,"column":53}},"61":{"start":{"line":164,"column":18},"end":{"line":164,"column":30}},"62":{"start":{"line":166,"column":2},"end":{"line":166,"column":66}},"63":{"start":{"line":166,"column":56},"end":{"line":166,"column":66}},"64":{"start":{"line":168,"column":17},"end":{"line":168,"column":34}},"65":{"start":{"line":169,"column":2},"end":{"line":169,"column":41}},"66":{"start":{"line":169,"column":31},"end":{"line":169,"column":41}},"67":{"start":{"line":170,"column":2},"end":{"line":170,"column":17}},"68":{"start":{"line":184,"column":14},"end":{"line":184,"column":33}},"69":{"start":{"line":185,"column":2},"end":{"line":185,"column":28}},"70":{"start":{"line":185,"column":18},"end":{"line":185,"column":28}},"71":{"start":{"line":186,"column":2},"end":{"line":186,"column":50}},"72":{"start":{"line":186,"column":40},"end":{"line":186,"column":50}},"73":{"start":{"line":187,"column":2},"end":{"line":187,"column":13}}},"fnMap":{"0":{"name":"calcularStatusUmidadeSolo","decl":{"start":{"line":23,"column":16},"end":{"line":23,"column":41}},"loc":{"start":{"line":23,"column":49},"end":{"line":29,"column":1}},"line":23},"1":{"name":"calcularStatusUmidadeAr","decl":{"start":{"line":36,"column":16},"end":{"line":36,"column":39}},"loc":{"start":{"line":36,"column":47},"end":{"line":41,"column":1}},"line":36},"2":{"name":"calcularStatusTemperatura","decl":{"start":{"line":48,"column":16},"end":{"line":48,"column":41}},"loc":{"start":{"line":48,"column":49},"end":{"line":54,"column":1}},"line":48},"3":{"name":"calcularProgressBarPct","decl":{"start":{"line":68,"column":16},"end":{"line":68,"column":38}},"loc":{"start":{"line":68,"column":66},"end":{"line":73,"column":1}},"line":68},"4":{"name":"calcularDelta","decl":{"start":{"line":86,"column":16},"end":{"line":86,"column":29}},"loc":{"start":{"line":86,"column":47},"end":{"line":91,"column":1}},"line":86},"5":{"name":"formatarTimestamp","decl":{"start":{"line":103,"column":16},"end":{"line":103,"column":33}},"loc":{"start":{"line":103,"column":44},"end":{"line":113,"column":1}},"line":103},"6":{"name":"(anonymous_6)","decl":{"start":{"line":108,"column":16},"end":{"line":108,"column":17}},"loc":{"start":{"line":108,"column":21},"end":{"line":108,"column":47}},"line":108},"7":{"name":"formatarUptime","decl":{"start":{"line":124,"column":16},"end":{"line":124,"column":30}},"loc":{"start":{"line":124,"column":41},"end":{"line":130,"column":1}},"line":124},"8":{"name":"formatarDuracaoIrrigacao","decl":{"start":{"line":141,"column":16},"end":{"line":141,"column":40}},"loc":{"start":{"line":141,"column":51},"end":{"line":145,"column":1}},"line":141},"9":{"name":"sanitizarEntradaData","decl":{"start":{"line":162,"column":16},"end":{"line":162,"column":36}},"loc":{"start":{"line":162,"column":44},"end":{"line":171,"column":1}},"line":162},"10":{"name":"sanitizarDuracaoIrrigacao","decl":{"start":{"line":183,"column":16},"end":{"line":183,"column":41}},"loc":{"start":{"line":183,"column":89},"end":{"line":188,"column":1}},"line":183}},"branchMap":{"0":{"loc":{"start":{"line":24,"column":2},"end":{"line":24,"column":87}},"type":"if","locations":[{"start":{"line":24,"column":2},"end":{"line":24,"column":87}},{"start":{},"end":{}}],"line":24},"1":{"loc":{"start":{"line":24,"column":6},"end":{"line":24,"column":72}},"type":"binary-expr","locations":[{"start":{"line":24,"column":6},"end":{"line":24,"column":20}},{"start":{"line":24,"column":24},"end":{"line":24,"column":43}},{"start":{"line":24,"column":47},"end":{"line":24,"column":72}}],"line":24},"2":{"loc":{"start":{"line":25,"column":2},"end":{"line":25,"column":44}},"type":"if","locations":[{"start":{"line":25,"column":2},"end":{"line":25,"column":44}},{"start":{},"end":{}}],"line":25},"3":{"loc":{"start":{"line":26,"column":2},"end":{"line":26,"column":38}},"type":"if","locations":[{"start":{"line":26,"column":2},"end":{"line":26,"column":38}},{"start":{},"end":{}}],"line":26},"4":{"loc":{"start":{"line":27,"column":2},"end":{"line":27,"column":34}},"type":"if","locations":[{"start":{"line":27,"column":2},"end":{"line":27,"column":34}},{"start":{},"end":{}}],"line":27},"5":{"loc":{"start":{"line":37,"column":2},"end":{"line":37,"column":87}},"type":"if","locations":[{"start":{"line":37,"column":2},"end":{"line":37,"column":87}},{"start":{},"end":{}}],"line":37},"6":{"loc":{"start":{"line":37,"column":6},"end":{"line":37,"column":72}},"type":"binary-expr","locations":[{"start":{"line":37,"column":6},"end":{"line":37,"column":20}},{"start":{"line":37,"column":24},"end":{"line":37,"column":43}},{"start":{"line":37,"column":47},"end":{"line":37,"column":72}}],"line":37},"7":{"loc":{"start":{"line":38,"column":2},"end":{"line":38,"column":35}},"type":"if","locations":[{"start":{"line":38,"column":2},"end":{"line":38,"column":35}},{"start":{},"end":{}}],"line":38},"8":{"loc":{"start":{"line":39,"column":2},"end":{"line":39,"column":39}},"type":"if","locations":[{"start":{"line":39,"column":2},"end":{"line":39,"column":39}},{"start":{},"end":{}}],"line":39},"9":{"loc":{"start":{"line":49,"column":2},"end":{"line":49,"column":87}},"type":"if","locations":[{"start":{"line":49,"column":2},"end":{"line":49,"column":87}},{"start":{},"end":{}}],"line":49},"10":{"loc":{"start":{"line":49,"column":6},"end":{"line":49,"column":72}},"type":"binary-expr","locations":[{"start":{"line":49,"column":6},"end":{"line":49,"column":20}},{"start":{"line":49,"column":24},"end":{"line":49,"column":43}},{"start":{"line":49,"column":47},"end":{"line":49,"column":72}}],"line":49},"11":{"loc":{"start":{"line":50,"column":2},"end":{"line":50,"column":32}},"type":"if","locations":[{"start":{"line":50,"column":2},"end":{"line":50,"column":32}},{"start":{},"end":{}}],"line":50},"12":{"loc":{"start":{"line":51,"column":2},"end":{"line":51,"column":35}},"type":"if","locations":[{"start":{"line":51,"column":2},"end":{"line":51,"column":35}},{"start":{},"end":{}}],"line":51},"13":{"loc":{"start":{"line":52,"column":2},"end":{"line":52,"column":34}},"type":"if","locations":[{"start":{"line":52,"column":2},"end":{"line":52,"column":34}},{"start":{},"end":{}}],"line":52},"14":{"loc":{"start":{"line":68,"column":46},"end":{"line":68,"column":53}},"type":"default-arg","locations":[{"start":{"line":68,"column":52},"end":{"line":68,"column":53}}],"line":68},"15":{"loc":{"start":{"line":68,"column":55},"end":{"line":68,"column":64}},"type":"default-arg","locations":[{"start":{"line":68,"column":61},"end":{"line":68,"column":64}}],"line":68},"16":{"loc":{"start":{"line":69,"column":2},"end":{"line":69,"column":83}},"type":"if","locations":[{"start":{"line":69,"column":2},"end":{"line":69,"column":83}},{"start":{},"end":{}}],"line":69},"17":{"loc":{"start":{"line":69,"column":6},"end":{"line":69,"column":72}},"type":"binary-expr","locations":[{"start":{"line":69,"column":6},"end":{"line":69,"column":20}},{"start":{"line":69,"column":24},"end":{"line":69,"column":43}},{"start":{"line":69,"column":47},"end":{"line":69,"column":72}}],"line":69},"18":{"loc":{"start":{"line":70,"column":2},"end":{"line":70,"column":27}},"type":"if","locations":[{"start":{"line":70,"column":2},"end":{"line":70,"column":27}},{"start":{},"end":{}}],"line":70},"19":{"loc":{"start":{"line":87,"column":2},"end":{"line":87,"column":63}},"type":"if","locations":[{"start":{"line":87,"column":2},"end":{"line":87,"column":63}},{"start":{},"end":{}}],"line":87},"20":{"loc":{"start":{"line":87,"column":6},"end":{"line":87,"column":49}},"type":"binary-expr","locations":[{"start":{"line":87,"column":6},"end":{"line":87,"column":23}},{"start":{"line":87,"column":27},"end":{"line":87,"column":49}}],"line":87},"21":{"loc":{"start":{"line":88,"column":2},"end":{"line":88,"column":57}},"type":"if","locations":[{"start":{"line":88,"column":2},"end":{"line":88,"column":57}},{"start":{},"end":{}}],"line":88},"22":{"loc":{"start":{"line":88,"column":6},"end":{"line":88,"column":43}},"type":"binary-expr","locations":[{"start":{"line":88,"column":6},"end":{"line":88,"column":20}},{"start":{"line":88,"column":24},"end":{"line":88,"column":43}}],"line":88},"23":{"loc":{"start":{"line":89,"column":2},"end":{"line":89,"column":77}},"type":"if","locations":[{"start":{"line":89,"column":2},"end":{"line":89,"column":77}},{"start":{},"end":{}}],"line":89},"24":{"loc":{"start":{"line":89,"column":6},"end":{"line":89,"column":63}},"type":"binary-expr","locations":[{"start":{"line":89,"column":6},"end":{"line":89,"column":34}},{"start":{"line":89,"column":38},"end":{"line":89,"column":63}}],"line":89},"25":{"loc":{"start":{"line":104,"column":2},"end":{"line":104,"column":64}},"type":"if","locations":[{"start":{"line":104,"column":2},"end":{"line":104,"column":64}},{"start":{},"end":{}}],"line":104},"26":{"loc":{"start":{"line":104,"column":6},"end":{"line":104,"column":47}},"type":"binary-expr","locations":[{"start":{"line":104,"column":6},"end":{"line":104,"column":15}},{"start":{"line":104,"column":19},"end":{"line":104,"column":47}}],"line":104},"27":{"loc":{"start":{"line":107,"column":4},"end":{"line":107,"column":43}},"type":"if","locations":[{"start":{"line":107,"column":4},"end":{"line":107,"column":43}},{"start":{},"end":{}}],"line":107},"28":{"loc":{"start":{"line":125,"column":2},"end":{"line":125,"column":64}},"type":"if","locations":[{"start":{"line":125,"column":2},"end":{"line":125,"column":64}},{"start":{},"end":{}}],"line":125},"29":{"loc":{"start":{"line":125,"column":6},"end":{"line":125,"column":47}},"type":"binary-expr","locations":[{"start":{"line":125,"column":6},"end":{"line":125,"column":15}},{"start":{"line":125,"column":19},"end":{"line":125,"column":47}}],"line":125},"30":{"loc":{"start":{"line":142,"column":2},"end":{"line":142,"column":78}},"type":"if","locations":[{"start":{"line":142,"column":2},"end":{"line":142,"column":78}},{"start":{},"end":{}}],"line":142},"31":{"loc":{"start":{"line":142,"column":6},"end":{"line":142,"column":64}},"type":"binary-expr","locations":[{"start":{"line":142,"column":6},"end":{"line":142,"column":15}},{"start":{"line":142,"column":19},"end":{"line":142,"column":47}},{"start":{"line":142,"column":51},"end":{"line":142,"column":64}}],"line":142},"32":{"loc":{"start":{"line":143,"column":2},"end":{"line":143,"column":43}},"type":"if","locations":[{"start":{"line":143,"column":2},"end":{"line":143,"column":43}},{"start":{},"end":{}}],"line":143},"33":{"loc":{"start":{"line":163,"column":2},"end":{"line":163,"column":53}},"type":"if","locations":[{"start":{"line":163,"column":2},"end":{"line":163,"column":53}},{"start":{},"end":{}}],"line":163},"34":{"loc":{"start":{"line":163,"column":6},"end":{"line":163,"column":41}},"type":"binary-expr","locations":[{"start":{"line":163,"column":6},"end":{"line":163,"column":12}},{"start":{"line":163,"column":16},"end":{"line":163,"column":41}}],"line":163},"35":{"loc":{"start":{"line":166,"column":2},"end":{"line":166,"column":66}},"type":"if","locations":[{"start":{"line":166,"column":2},"end":{"line":166,"column":66}},{"start":{},"end":{}}],"line":166},"36":{"loc":{"start":{"line":169,"column":2},"end":{"line":169,"column":41}},"type":"if","locations":[{"start":{"line":169,"column":2},"end":{"line":169,"column":41}},{"start":{},"end":{}}],"line":169},"37":{"loc":{"start":{"line":183,"column":49},"end":{"line":183,"column":87}},"type":"default-arg","locations":[{"start":{"line":183,"column":69},"end":{"line":183,"column":87}}],"line":183},"38":{"loc":{"start":{"line":185,"column":2},"end":{"line":185,"column":28}},"type":"if","locations":[{"start":{"line":185,"column":2},"end":{"line":185,"column":28}},{"start":{},"end":{}}],"line":185},"39":{"loc":{"start":{"line":186,"column":2},"end":{"line":186,"column":50}},"type":"if","locations":[{"start":{"line":186,"column":2},"end":{"line":186,"column":50}},{"start":{},"end":{}}],"line":186}},"s":{"0":12,"1":3,"2":9,"3":2,"4":7,"5":2,"6":5,"7":3,"8":2,"9":10,"10":3,"11":7,"12":2,"13":5,"14":2,"15":3,"16":12,"17":3,"18":9,"19":2,"20":7,"21":2,"22":5,"23":2,"24":3,"25":12,"26":2,"27":10,"28":1,"29":9,"30":9,"31":9,"32":2,"33":7,"34":1,"35":6,"36":2,"37":4,"38":6,"39":4,"40":2,"41":2,"42":2,"43":1,"44":1,"45":2,"46":1,"47":0,"48":20,"49":15,"50":5,"51":5,"52":5,"53":5,"54":76,"55":3,"56":73,"57":19,"58":54,"59":9,"60":3,"61":6,"62":6,"63":3,"64":3,"65":3,"66":1,"67":2,"68":13,"69":13,"70":3,"71":10,"72":4,"73":6},"f":{"0":12,"1":10,"2":12,"3":12,"4":9,"5":6,"6":2,"7":20,"8":76,"9":9,"10":13},"b":{"0":[3,9],"1":[12,11,10],"2":[2,7],"3":[2,5],"4":[3,2],"5":[3,7],"6":[10,9,8],"7":[2,5],"8":[2,3],"9":[3,9],"10":[12,11,10],"11":[2,7],"12":[2,5],"13":[2,3],"14":[8],"15":[8],"16":[2,10],"17":[12,11,10],"18":[1,9],"19":[2,7],"20":[9,8],"21":[1,6],"22":[7,6],"23":[2,4],"24":[6,5],"25":[4,2],"26":[6,3],"27":[1,1],"28":[15,5],"29":[20,5],"30":[3,73],"31":[76,74,74],"32":[19,54],"33":[3,6],"34":[9,6],"35":[3,3],"36":[1,2],"37":[11],"38":[3,10],"39":[4,6]},"_coverageSchema":"1a1c01bbd47fc00a2c39e90264f33305004495a9","hash":"14a80c6de83723e35bada2e327a8f51ab88b5358"}
}
