TN:
SF:src\services\apiService.js
FN:6,fetchWithTimeout
FN:9,(anonymous_1)
FN:20,normalizarRegistro
FN:43,obterHistoricoCompleto
FN:70,buscarDadosDispositivo
FNF:5
FNH:4
FNDA:10,fetchWithTimeout
FNDA:0,(anonymous_1)
FNDA:11,normalizarRegistro
FNDA:10,obterHistoricoCompleto
FNDA:6,buscarDadosDispositivo
DA:1,1
DA:2,1
DA:4,1
DA:7,10
DA:8,10
DA:9,10
DA:10,10
DA:11,10
DA:12,7
DA:13,7
DA:15,3
DA:16,3
DA:21,11
DA:22,11
DA:23,11
DA:24,11
DA:44,10
DA:45,10
DA:47,10
DA:49,7
DA:50,2
DA:53,5
DA:55,5
DA:56,5
DA:57,4
DA:58,1
DA:59,1
DA:62,5
DA:63,2
DA:66,3
DA:67,3
DA:71,6
DA:77,6
DA:78,6
DA:79,2
DA:80,2
DA:86,4
DA:89,4
DA:90,4
DA:91,1
DA:92,1
DA:98,3
DA:101,3
LF:43
LH:43
BRDA:6,0,0,10
BRDA:7,1,0,10
BRDA:21,2,0,11
BRDA:21,2,1,9
BRDA:22,3,0,11
BRDA:22,3,1,10
BRDA:23,4,0,11
BRDA:23,4,1,10
BRDA:27,5,0,11
BRDA:27,5,1,10
BRDA:27,5,2,6
BRDA:28,6,0,11
BRDA:28,6,1,9
BRDA:28,6,2,5
BRDA:29,7,0,11
BRDA:29,7,1,10
BRDA:29,7,2,6
BRDA:30,8,0,11
BRDA:30,8,1,10
BRDA:30,8,2,6
BRDA:31,9,0,11
BRDA:31,9,1,10
BRDA:31,9,2,6
BRDA:32,10,0,11
BRDA:32,10,1,10
BRDA:33,11,0,2
BRDA:33,11,1,8
BRDA:33,12,0,10
BRDA:33,12,1,9
BRDA:35,13,0,11
BRDA:35,13,1,10
BRDA:35,13,2,9
BRDA:36,14,0,11
BRDA:36,14,1,10
BRDA:36,15,0,1
BRDA:36,15,1,9
BRDA:37,16,0,11
BRDA:37,16,1,10
BRDA:38,17,0,11
BRDA:38,17,1,10
BRDA:38,17,2,6
BRDA:39,18,0,11
BRDA:39,18,1,10
BRDA:39,18,2,6
BRDA:49,19,0,2
BRDA:49,19,1,5
BRDA:56,20,0,4
BRDA:56,20,1,1
BRDA:58,21,0,1
BRDA:58,21,1,0
BRDA:62,22,0,2
BRDA:62,22,1,3
BRF:52
BRH:51
end_of_record
TN:
SF:src\services\appRenderService.js
FN:18,renderNavbar
FN:70,renderCardSensor
FN:143,renderSidePanels
FN:154,(anonymous_3)
FN:161,(anonymous_4)
FN:259,renderControlesTeste
FN:264,(anonymous_6)
FNF:7
FNH:5
FNDA:3,renderNavbar
FNDA:22,renderCardSensor
FNDA:17,renderSidePanels
FNDA:68,(anonymous_3)
FNDA:11,(anonymous_4)
FNDA:0,renderControlesTeste
FNDA:0,(anonymous_6)
DA:19,3
DA:20,3
DA:21,3
DA:71,22
DA:72,22
DA:73,22
DA:74,22
DA:75,22
DA:78,22
DA:81,22
DA:82,22
DA:83,22
DA:90,22
DA:91,22
DA:92,22
DA:99,22
DA:100,22
DA:102,22
DA:144,17
DA:145,17
DA:148,17
DA:149,17
DA:152,17
DA:153,17
DA:154,17
DA:155,68
DA:159,17
DA:160,17
DA:162,11
DA:163,11
DA:173,17
DA:174,17
DA:176,17
DA:260,0
DA:264,0
LF:35
LH:33
BRDA:20,0,0,3
BRDA:20,0,1,3
BRDA:40,1,0,0
BRDA:40,1,1,3
BRDA:44,2,0,1
BRDA:44,2,1,2
BRDA:45,3,0,1
BRDA:45,3,1,2
BRDA:46,4,0,1
BRDA:46,4,1,2
BRDA:70,5,0,7
BRDA:70,6,0,10
BRDA:72,7,0,22
BRDA:72,7,1,3
BRDA:72,7,2,1
BRDA:73,8,0,22
BRDA:73,8,1,19
BRDA:74,9,0,22
BRDA:74,9,1,19
BRDA:75,10,0,22
BRDA:75,10,1,19
BRDA:78,11,0,22
BRDA:78,11,1,21
BRDA:81,12,0,3
BRDA:81,12,1,19
BRDA:81,13,0,22
BRDA:81,13,1,21
BRDA:82,14,0,22
BRDA:82,14,1,3
BRDA:82,14,2,2
BRDA:83,15,0,2
BRDA:83,15,1,20
BRDA:84,16,0,1
BRDA:84,16,1,1
BRDA:85,17,0,1
BRDA:85,17,1,1
BRDA:90,18,0,22
BRDA:90,18,1,3
BRDA:90,18,2,2
BRDA:90,18,3,2
BRDA:91,19,0,22
BRDA:91,19,1,19
BRDA:92,20,0,2
BRDA:92,20,1,20
BRDA:99,21,0,2
BRDA:99,21,1,20
BRDA:99,22,0,22
BRDA:99,22,1,17
BRDA:99,22,2,15
BRDA:100,23,0,5
BRDA:100,23,1,17
BRDA:100,24,0,2
BRDA:100,24,1,15
BRDA:100,25,0,15
BRDA:100,25,1,13
BRDA:114,26,0,5
BRDA:114,26,1,17
BRDA:116,27,0,2
BRDA:116,27,1,15
BRDA:124,28,0,1
BRDA:124,28,1,21
BRDA:143,29,0,5
BRDA:145,30,0,3
BRDA:145,30,1,14
BRDA:145,31,0,14
BRDA:145,31,1,14
BRDA:148,32,0,3
BRDA:148,32,1,14
BRDA:148,33,0,14
BRDA:148,33,1,12
BRDA:149,34,0,17
BRDA:149,34,1,16
BRDA:152,35,0,17
BRDA:152,35,1,14
BRDA:153,36,0,17
BRDA:153,36,1,15
BRDA:155,37,0,17
BRDA:155,37,1,51
BRDA:159,38,0,5
BRDA:159,38,1,12
BRDA:160,39,0,3
BRDA:160,39,1,14
BRDA:162,40,0,1
BRDA:162,40,1,10
BRDA:162,41,0,0
BRDA:162,41,1,10
BRDA:162,42,0,1
BRDA:162,42,1,9
BRDA:165,43,0,3
BRDA:165,43,1,11
BRDA:167,44,0,0
BRDA:167,44,1,11
BRDA:173,45,0,17
BRDA:173,45,1,14
BRDA:174,46,0,17
BRDA:174,46,1,14
BRDA:182,47,0,1
BRDA:182,47,1,16
BRDA:183,48,0,1
BRDA:183,48,1,16
BRDA:186,49,0,1
BRDA:186,49,1,16
BRDA:187,50,0,1
BRDA:187,50,1,16
BRDA:189,51,0,3
BRDA:189,51,1,14
BRDA:190,52,0,3
BRDA:190,52,1,14
BRDA:210,53,0,3
BRDA:210,53,1,14
BRDA:210,54,0,0
BRDA:210,54,1,14
BRDA:214,55,0,3
BRDA:214,55,1,14
BRDA:218,56,0,3
BRDA:218,56,1,14
BRDA:236,57,0,3
BRDA:236,57,1,14
BRDA:242,58,0,3
BRDA:242,58,1,14
BRDA:243,59,0,0
BRDA:243,59,1,17
BRDA:247,60,0,0
BRDA:247,60,1,17
BRDA:251,61,0,0
BRDA:251,61,1,17
BRDA:252,62,0,0
BRDA:252,62,1,17
BRDA:265,63,0,0
BRDA:265,63,1,0
BRDA:265,64,0,0
BRDA:265,64,1,0
BRDA:267,65,0,0
BRDA:267,65,1,0
BRF:134
BRH:120
end_of_record
TN:
SF:src\services\cardHelpers.js
FN:23,calcularStatusUmidadeSolo
FN:36,calcularStatusUmidadeAr
FN:48,calcularStatusTemperatura
FN:68,calcularProgressBarPct
FN:86,calcularDelta
FN:103,formatarTimestamp
FN:108,(anonymous_6)
FN:124,formatarUptime
FN:141,formatarDuracaoIrrigacao
FN:162,sanitizarEntradaData
FN:183,sanitizarDuracaoIrrigacao
FNF:11
FNH:11
FNDA:12,calcularStatusUmidadeSolo
FNDA:10,calcularStatusUmidadeAr
FNDA:12,calcularStatusTemperatura
FNDA:12,calcularProgressBarPct
FNDA:9,calcularDelta
FNDA:6,formatarTimestamp
FNDA:2,(anonymous_6)
FNDA:20,formatarUptime
FNDA:76,formatarDuracaoIrrigacao
FNDA:9,sanitizarEntradaData
FNDA:13,sanitizarDuracaoIrrigacao
DA:24,12
DA:25,9
DA:26,7
DA:27,5
DA:28,2
DA:37,10
DA:38,7
DA:39,5
DA:40,3
DA:49,12
DA:50,9
DA:51,7
DA:52,5
DA:53,3
DA:69,12
DA:70,10
DA:71,9
DA:72,9
DA:87,9
DA:88,7
DA:89,6
DA:90,4
DA:104,6
DA:105,2
DA:106,2
DA:107,2
DA:108,2
DA:109,1
DA:111,0
DA:125,20
DA:126,5
DA:127,5
DA:128,5
DA:129,5
DA:142,76
DA:143,73
DA:144,54
DA:163,9
DA:164,6
DA:166,6
DA:168,3
DA:169,3
DA:170,2
DA:184,13
DA:185,13
DA:186,10
DA:187,6
LF:47
LH:46
BRDA:24,0,0,3
BRDA:24,0,1,9
BRDA:24,1,0,12
BRDA:24,1,1,11
BRDA:24,1,2,10
BRDA:25,2,0,2
BRDA:25,2,1,7
BRDA:26,3,0,2
BRDA:26,3,1,5
BRDA:27,4,0,3
BRDA:27,4,1,2
BRDA:37,5,0,3
BRDA:37,5,1,7
BRDA:37,6,0,10
BRDA:37,6,1,9
BRDA:37,6,2,8
BRDA:38,7,0,2
BRDA:38,7,1,5
BRDA:39,8,0,2
BRDA:39,8,1,3
BRDA:49,9,0,3
BRDA:49,9,1,9
BRDA:49,10,0,12
BRDA:49,10,1,11
BRDA:49,10,2,10
BRDA:50,11,0,2
BRDA:50,11,1,7
BRDA:51,12,0,2
BRDA:51,12,1,5
BRDA:52,13,0,2
BRDA:52,13,1,3
BRDA:68,14,0,8
BRDA:68,15,0,8
BRDA:69,16,0,2
BRDA:69,16,1,10
BRDA:69,17,0,12
BRDA:69,17,1,11
BRDA:69,17,2,10
BRDA:70,18,0,1
BRDA:70,18,1,9
BRDA:87,19,0,2
BRDA:87,19,1,7
BRDA:87,20,0,9
BRDA:87,20,1,8
BRDA:88,21,0,1
BRDA:88,21,1,6
BRDA:88,22,0,7
BRDA:88,22,1,6
BRDA:89,23,0,2
BRDA:89,23,1,4
BRDA:89,24,0,6
BRDA:89,24,1,5
BRDA:104,25,0,4
BRDA:104,25,1,2
BRDA:104,26,0,6
BRDA:104,26,1,3
BRDA:107,27,0,1
BRDA:107,27,1,1
BRDA:125,28,0,15
BRDA:125,28,1,5
BRDA:125,29,0,20
BRDA:125,29,1,5
BRDA:142,30,0,3
BRDA:142,30,1,73
BRDA:142,31,0,76
BRDA:142,31,1,74
BRDA:142,31,2,74
BRDA:143,32,0,19
BRDA:143,32,1,54
BRDA:163,33,0,3
BRDA:163,33,1,6
BRDA:163,34,0,9
BRDA:163,34,1,6
BRDA:166,35,0,3
BRDA:166,35,1,3
BRDA:169,36,0,1
BRDA:169,36,1,2
BRDA:183,37,0,11
BRDA:185,38,0,3
BRDA:185,38,1,10
BRDA:186,39,0,4
BRDA:186,39,1,6
BRF:82
BRH:82
end_of_record
